  App.cpp
D:\VS\IT\2_rocnik\1_semestr\ICP\ICP_Semestralka_Safarik_Mach\projekt\Mesh.h(131,44): warning C4267: 'argument': conversion from 'size_t' to 'GLsizei', possible loss of data
  (compiling source file 'App.cpp')
  
D:\VS\IT\2_rocnik\1_semestr\ICP\ICP_Semestralka_Safarik_Mach\projekt\Mesh.h(133,42): warning C4267: 'argument': conversion from 'size_t' to 'GLsizei', possible loss of data
  (compiling source file 'App.cpp')
  
D:\VS\IT\2_rocnik\1_semestr\ICP\ICP_Semestralka_Safarik_Mach\projekt\App.cpp(151,62): warning C4305: 'argument': truncation from 'double' to 'T'
D:\VS\IT\2_rocnik\1_semestr\ICP\ICP_Semestralka_Safarik_Mach\projekt\App.cpp(151,62): warning C4305:         with
D:\VS\IT\2_rocnik\1_semestr\ICP\ICP_Semestralka_Safarik_Mach\projekt\App.cpp(151,62): warning C4305:         [
D:\VS\IT\2_rocnik\1_semestr\ICP\ICP_Semestralka_Safarik_Mach\projekt\App.cpp(151,62): warning C4305:             T=float
D:\VS\IT\2_rocnik\1_semestr\ICP\ICP_Semestralka_Safarik_Mach\projekt\App.cpp(151,62): warning C4305:         ]
D:\VS\IT\2_rocnik\1_semestr\ICP\ICP_Semestralka_Safarik_Mach\projekt\App.cpp(157,72): warning C4305: 'argument': truncation from 'double' to 'float'
D:\VS\IT\2_rocnik\1_semestr\ICP\ICP_Semestralka_Safarik_Mach\projekt\App.cpp(159,63): warning C4305: 'argument': truncation from 'double' to 'T'
D:\VS\IT\2_rocnik\1_semestr\ICP\ICP_Semestralka_Safarik_Mach\projekt\App.cpp(159,63): warning C4305:         with
D:\VS\IT\2_rocnik\1_semestr\ICP\ICP_Semestralka_Safarik_Mach\projekt\App.cpp(159,63): warning C4305:         [
D:\VS\IT\2_rocnik\1_semestr\ICP\ICP_Semestralka_Safarik_Mach\projekt\App.cpp(159,63): warning C4305:             T=float
D:\VS\IT\2_rocnik\1_semestr\ICP\ICP_Semestralka_Safarik_Mach\projekt\App.cpp(159,63): warning C4305:         ]
D:\VS\IT\2_rocnik\1_semestr\ICP\ICP_Semestralka_Safarik_Mach\projekt\App.cpp(165,74): warning C4305: 'argument': truncation from 'double' to 'float'
D:\VS\IT\2_rocnik\1_semestr\ICP\ICP_Semestralka_Safarik_Mach\projekt\App.cpp(167,64): warning C4305: 'argument': truncation from 'double' to 'T'
D:\VS\IT\2_rocnik\1_semestr\ICP\ICP_Semestralka_Safarik_Mach\projekt\App.cpp(167,64): warning C4305:         with
D:\VS\IT\2_rocnik\1_semestr\ICP\ICP_Semestralka_Safarik_Mach\projekt\App.cpp(167,64): warning C4305:         [
D:\VS\IT\2_rocnik\1_semestr\ICP\ICP_Semestralka_Safarik_Mach\projekt\App.cpp(167,64): warning C4305:             T=float
D:\VS\IT\2_rocnik\1_semestr\ICP\ICP_Semestralka_Safarik_Mach\projekt\App.cpp(167,64): warning C4305:         ]
D:\VS\IT\2_rocnik\1_semestr\ICP\ICP_Semestralka_Safarik_Mach\projekt\App.cpp(175,62): warning C4305: 'argument': truncation from 'double' to 'T'
D:\VS\IT\2_rocnik\1_semestr\ICP\ICP_Semestralka_Safarik_Mach\projekt\App.cpp(175,62): warning C4305:         with
D:\VS\IT\2_rocnik\1_semestr\ICP\ICP_Semestralka_Safarik_Mach\projekt\App.cpp(175,62): warning C4305:         [
D:\VS\IT\2_rocnik\1_semestr\ICP\ICP_Semestralka_Safarik_Mach\projekt\App.cpp(175,62): warning C4305:             T=float
D:\VS\IT\2_rocnik\1_semestr\ICP\ICP_Semestralka_Safarik_Mach\projekt\App.cpp(175,62): warning C4305:         ]
D:\VS\IT\2_rocnik\1_semestr\ICP\ICP_Semestralka_Safarik_Mach\projekt\App.cpp(208,56): warning C4305: 'argument': truncation from 'double' to 'T'
D:\VS\IT\2_rocnik\1_semestr\ICP\ICP_Semestralka_Safarik_Mach\projekt\App.cpp(208,56): warning C4305:         with
D:\VS\IT\2_rocnik\1_semestr\ICP\ICP_Semestralka_Safarik_Mach\projekt\App.cpp(208,56): warning C4305:         [
D:\VS\IT\2_rocnik\1_semestr\ICP\ICP_Semestralka_Safarik_Mach\projekt\App.cpp(208,56): warning C4305:             T=float
D:\VS\IT\2_rocnik\1_semestr\ICP\ICP_Semestralka_Safarik_Mach\projekt\App.cpp(208,56): warning C4305:         ]
D:\VS\IT\2_rocnik\1_semestr\ICP\ICP_Semestralka_Safarik_Mach\projekt\App.cpp(391,16): warning C4244: '=': conversion from 'int' to 'float', possible loss of data
D:\VS\IT\2_rocnik\1_semestr\ICP\ICP_Semestralka_Safarik_Mach\projekt\App.cpp(392,17): warning C4244: '=': conversion from 'int' to 'float', possible loss of data
D:\VS\IT\2_rocnik\1_semestr\ICP\ICP_Semestralka_Safarik_Mach\projekt\App.cpp(469,37): warning C4244: '=': conversion from '_Tp' to 'T', possible loss of data
D:\VS\IT\2_rocnik\1_semestr\ICP\ICP_Semestralka_Safarik_Mach\projekt\App.cpp(469,37): warning C4244:         with
D:\VS\IT\2_rocnik\1_semestr\ICP\ICP_Semestralka_Safarik_Mach\projekt\App.cpp(469,37): warning C4244:         [
D:\VS\IT\2_rocnik\1_semestr\ICP\ICP_Semestralka_Safarik_Mach\projekt\App.cpp(469,37): warning C4244:             _Tp=int
D:\VS\IT\2_rocnik\1_semestr\ICP\ICP_Semestralka_Safarik_Mach\projekt\App.cpp(469,37): warning C4244:         ]
D:\VS\IT\2_rocnik\1_semestr\ICP\ICP_Semestralka_Safarik_Mach\projekt\App.cpp(469,37): warning C4244:         and
D:\VS\IT\2_rocnik\1_semestr\ICP\ICP_Semestralka_Safarik_Mach\projekt\App.cpp(469,37): warning C4244:         [
D:\VS\IT\2_rocnik\1_semestr\ICP\ICP_Semestralka_Safarik_Mach\projekt\App.cpp(469,37): warning C4244:             T=float
D:\VS\IT\2_rocnik\1_semestr\ICP\ICP_Semestralka_Safarik_Mach\projekt\App.cpp(469,37): warning C4244:         ]
D:\VS\IT\2_rocnik\1_semestr\ICP\ICP_Semestralka_Safarik_Mach\projekt\App.cpp(470,37): warning C4244: '=': conversion from '_Tp' to 'T', possible loss of data
D:\VS\IT\2_rocnik\1_semestr\ICP\ICP_Semestralka_Safarik_Mach\projekt\App.cpp(470,37): warning C4244:         with
D:\VS\IT\2_rocnik\1_semestr\ICP\ICP_Semestralka_Safarik_Mach\projekt\App.cpp(470,37): warning C4244:         [
D:\VS\IT\2_rocnik\1_semestr\ICP\ICP_Semestralka_Safarik_Mach\projekt\App.cpp(470,37): warning C4244:             _Tp=int
D:\VS\IT\2_rocnik\1_semestr\ICP\ICP_Semestralka_Safarik_Mach\projekt\App.cpp(470,37): warning C4244:         ]
D:\VS\IT\2_rocnik\1_semestr\ICP\ICP_Semestralka_Safarik_Mach\projekt\App.cpp(470,37): warning C4244:         and
D:\VS\IT\2_rocnik\1_semestr\ICP\ICP_Semestralka_Safarik_Mach\projekt\App.cpp(470,37): warning C4244:         [
D:\VS\IT\2_rocnik\1_semestr\ICP\ICP_Semestralka_Safarik_Mach\projekt\App.cpp(470,37): warning C4244:             T=float
D:\VS\IT\2_rocnik\1_semestr\ICP\ICP_Semestralka_Safarik_Mach\projekt\App.cpp(470,37): warning C4244:         ]
D:\VS\IT\2_rocnik\1_semestr\ICP\ICP_Semestralka_Safarik_Mach\projekt\App.cpp(513,16): warning C4244: '=': conversion from 'int' to 'float', possible loss of data
D:\VS\IT\2_rocnik\1_semestr\ICP\ICP_Semestralka_Safarik_Mach\projekt\App.cpp(514,17): warning C4244: '=': conversion from 'int' to 'float', possible loss of data
D:\VS\IT\2_rocnik\1_semestr\ICP\ICP_Semestralka_Safarik_Mach\projekt\App.cpp(533,47): warning C4244: 'argument': conversion from 'double' to 'GLfloat', possible loss of data
D:\VS\IT\2_rocnik\1_semestr\ICP\ICP_Semestralka_Safarik_Mach\projekt\App.cpp(547,28): warning C4244: 'argument': conversion from 'double' to 'GLfloat', possible loss of data
D:\VS\IT\2_rocnik\1_semestr\ICP\ICP_Semestralka_Safarik_Mach\projekt\App.cpp(583,28): warning C4244: 'initializing': conversion from 'double' to 'float', possible loss of data
D:\VS\IT\2_rocnik\1_semestr\ICP\ICP_Semestralka_Safarik_Mach\projekt\App.cpp(584,28): warning C4244: 'initializing': conversion from 'double' to 'float', possible loss of data
  ICP.cpp
D:\VS\IT\2_rocnik\1_semestr\ICP\ICP_Semestralka_Safarik_Mach\projekt\Mesh.h(131,44): warning C4267: 'argument': conversion from 'size_t' to 'GLsizei', possible loss of data
  (compiling source file 'ICP.cpp')
  
D:\VS\IT\2_rocnik\1_semestr\ICP\ICP_Semestralka_Safarik_Mach\projekt\Mesh.h(133,42): warning C4267: 'argument': conversion from 'size_t' to 'GLsizei', possible loss of data
  (compiling source file 'ICP.cpp')
  
  Mesh.cpp
D:\VS\IT\2_rocnik\1_semestr\ICP\ICP_Semestralka_Safarik_Mach\projekt\Mesh.h(131,44): warning C4267: 'argument': conversion from 'size_t' to 'GLsizei', possible loss of data
  (compiling source file 'Mesh.cpp')
  
D:\VS\IT\2_rocnik\1_semestr\ICP\ICP_Semestralka_Safarik_Mach\projekt\Mesh.h(133,42): warning C4267: 'argument': conversion from 'size_t' to 'GLsizei', possible loss of data
  (compiling source file 'Mesh.cpp')
  
  OBJloader.cpp
D:\VS\IT\2_rocnik\1_semestr\ICP\ICP_Semestralka_Safarik_Mach\projekt\Mesh.h(131,44): warning C4267: 'argument': conversion from 'size_t' to 'GLsizei', possible loss of data
  (compiling source file 'OBJloader.cpp')
  
D:\VS\IT\2_rocnik\1_semestr\ICP\ICP_Semestralka_Safarik_Mach\projekt\Mesh.h(133,42): warning C4267: 'argument': conversion from 'size_t' to 'GLsizei', possible loss of data
  (compiling source file 'OBJloader.cpp')
  
  callbacks.cpp
D:\VS\IT\2_rocnik\1_semestr\ICP\ICP_Semestralka_Safarik_Mach\projekt\Mesh.h(131,44): warning C4267: 'argument': conversion from 'size_t' to 'GLsizei', possible loss of data
  (compiling source file 'callbacks.cpp')
  
D:\VS\IT\2_rocnik\1_semestr\ICP\ICP_Semestralka_Safarik_Mach\projekt\Mesh.h(133,42): warning C4267: 'argument': conversion from 'size_t' to 'GLsizei', possible loss of data
  (compiling source file 'callbacks.cpp')
  
D:\VS\IT\2_rocnik\1_semestr\ICP\ICP_Semestralka_Safarik_Mach\projekt\callbacks.cpp(65,29): warning C4244: '+=': conversion from 'double' to 'float', possible loss of data
D:\VS\IT\2_rocnik\1_semestr\ICP\ICP_Semestralka_Safarik_Mach\projekt\callbacks.cpp(78,17): warning C4244: '=': conversion from 'double' to 'float', possible loss of data
D:\VS\IT\2_rocnik\1_semestr\ICP\ICP_Semestralka_Safarik_Mach\projekt\callbacks.cpp(79,17): warning C4244: '=': conversion from 'double' to 'float', possible loss of data
D:\VS\IT\2_rocnik\1_semestr\ICP\ICP_Semestralka_Safarik_Mach\projekt\callbacks.cpp(83,23): warning C4244: '=': conversion from 'double' to 'float', possible loss of data
D:\VS\IT\2_rocnik\1_semestr\ICP\ICP_Semestralka_Safarik_Mach\projekt\callbacks.cpp(84,30): warning C4244: '=': conversion from 'double' to 'float', possible loss of data
D:\VS\IT\2_rocnik\1_semestr\ICP\ICP_Semestralka_Safarik_Mach\projekt\callbacks.cpp(85,16): warning C4244: '=': conversion from 'double' to 'float', possible loss of data
D:\VS\IT\2_rocnik\1_semestr\ICP\ICP_Semestralka_Safarik_Mach\projekt\callbacks.cpp(86,16): warning C4244: '=': conversion from 'double' to 'float', possible loss of data
  Generating code
  Previous IPDB and IOBJ mismatch, fall back to full compilation.
  All 1485 functions were compiled because no usable IPDB/IOBJ from previous compilation was found.
  Finished generating code
  ICP.vcxproj -> D:\VS\IT\2_rocnik\1_semestr\ICP\ICP_Semestralka_Safarik_Mach\projekt\x64\Release\ICP.exe
